{"/sandbox/src/Roller.ts": {"path":"/sandbox/src/Roller.ts","statementMap":{"0":{"start":{"line":10,"column":8},"end":{"line":16,"column":null}},"1":{"start":{"line":11,"column":12},"end":{"line":11,"column":28}},"2":{"start":{"line":14,"column":12},"end":{"line":14,"column":32}},"3":{"start":{"line":17,"column":8},"end":{"line":17,"column":55}},"4":{"start":{"line":19,"column":8},"end":{"line":22,"column":null}},"5":{"start":{"line":19,"column":29},"end":{"line":19,"column":30}},"6":{"start":{"line":21,"column":12},"end":{"line":21,"column":41}},"7":{"start":{"line":23,"column":8},"end":{"line":23,"column":23}},"8":{"start":{"line":36,"column":8},"end":{"line":45,"column":null}},"9":{"start":{"line":37,"column":12},"end":{"line":37,"column":21}},"10":{"start":{"line":40,"column":12},"end":{"line":40,"column":31}},"11":{"start":{"line":41,"column":22},"end":{"line":41,"column":51}},"12":{"start":{"line":42,"column":12},"end":{"line":42,"column":18}},"13":{"start":{"line":43,"column":12},"end":{"line":43,"column":47}},"14":{"start":{"line":46,"column":8},"end":{"line":46,"column":21}},"15":{"start":{"line":52,"column":8},"end":{"line":52,"column":26}},"16":{"start":{"line":61,"column":8},"end":{"line":61,"column":34}},"17":{"start":{"line":65,"column":8},"end":{"line":65,"column":27}},"18":{"start":{"line":1,"column":0},"end":{"line":1,"column":13}}},"fnMap":{"0":{"name":"(anonymous_0)","decl":{"start":{"line":9,"column":4},"end":{"line":9,"column":16}},"loc":{"start":{"line":9,"column":29},"end":{"line":24,"column":5}}},"1":{"name":"(anonymous_1)","decl":{"start":{"line":35,"column":4},"end":{"line":35,"column":8}},"loc":{"start":{"line":35,"column":22},"end":{"line":47,"column":5}}},"2":{"name":"(anonymous_2)","decl":{"start":{"line":51,"column":4},"end":{"line":51,"column":8}},"loc":{"start":{"line":51,"column":8},"end":{"line":53,"column":5}}},"3":{"name":"(anonymous_3)","decl":{"start":{"line":60,"column":4},"end":{"line":60,"column":16}},"loc":{"start":{"line":60,"column":16},"end":{"line":62,"column":5}}},"4":{"name":"(anonymous_4)","decl":{"start":{"line":64,"column":4},"end":{"line":64,"column":13}},"loc":{"start":{"line":64,"column":13},"end":{"line":66,"column":5}}}},"branchMap":{"0":{"loc":{"start":{"line":10,"column":8},"end":{"line":16,"column":null}},"type":"if","locations":[{"start":{"line":10,"column":8},"end":{"line":16,"column":null}},{"start":{"line":13,"column":13},"end":{"line":16,"column":null}}]},"1":{"loc":{"start":{"line":36,"column":8},"end":{"line":45,"column":null}},"type":"if","locations":[{"start":{"line":36,"column":8},"end":{"line":45,"column":null}},{"start":{"line":39,"column":13},"end":{"line":45,"column":null}}]},"2":{"loc":{"start":{"line":36,"column":12},"end":{"line":36,"column":44}},"type":"binary-expr","locations":[{"start":{"line":36,"column":12},"end":{"line":36,"column":21}},{"start":{"line":36,"column":25},"end":{"line":36,"column":44}}]}},"s":{"0":8,"1":1,"2":7,"3":8,"4":8,"5":8,"6":52,"7":8,"8":12,"9":5,"10":7,"11":7,"12":7,"13":7,"14":7,"15":3,"16":2,"17":2,"18":1},"f":{"0":8,"1":12,"2":3,"3":2,"4":2},"b":{"0":[1,7],"1":[5,7],"2":[12,11]}}
}
