TN:
SF:src/Roller.ts
FN:9,(anonymous_0)
FN:35,(anonymous_1)
FN:51,(anonymous_2)
FN:60,(anonymous_3)
FN:64,(anonymous_4)
FNF:5
FNH:5
FNDA:8,(anonymous_0)
FNDA:12,(anonymous_1)
FNDA:3,(anonymous_2)
FNDA:2,(anonymous_3)
FNDA:2,(anonymous_4)
DA:1,1
DA:10,8
DA:11,1
DA:14,7
DA:17,8
DA:19,8
DA:21,52
DA:23,8
DA:36,12
DA:37,5
DA:40,7
DA:41,7
DA:42,7
DA:43,7
DA:46,7
DA:52,3
DA:61,2
DA:65,2
LF:18
LH:18
BRDA:10,0,0,1
BRDA:10,0,1,7
BRDA:36,1,0,5
BRDA:36,1,1,7
BRDA:36,2,0,12
BRDA:36,2,1,11
BRF:6
BRH:6
end_of_record
